{"/Users/christianjuth/personal-projects/lemmy-try/src/components/markdown-editor/editor-state.ts": {"path":"/Users/christianjuth/personal-projects/lemmy-try/src/components/markdown-editor/editor-state.ts","all":false,"statementMap":{"0":{"start":{"line":1,"column":0},"end":{"line":1,"column":23}},"16":{"start":{"line":17,"column":0},"end":{"line":17,"column":34}},"24":{"start":{"line":25,"column":0},"end":{"line":25,"column":33}},"26":{"start":{"line":27,"column":0},"end":{"line":27,"column":37}},"27":{"start":{"line":28,"column":0},"end":{"line":28,"column":34}},"28":{"start":{"line":29,"column":0},"end":{"line":29,"column":46}},"29":{"start":{"line":30,"column":0},"end":{"line":30,"column":39}},"30":{"start":{"line":31,"column":0},"end":{"line":31,"column":76}},"31":{"start":{"line":32,"column":0},"end":{"line":32,"column":41}},"32":{"start":{"line":33,"column":0},"end":{"line":33,"column":23}},"33":{"start":{"line":34,"column":0},"end":{"line":34,"column":37}},"34":{"start":{"line":35,"column":0},"end":{"line":35,"column":39}},"35":{"start":{"line":36,"column":0},"end":{"line":36,"column":32}},"36":{"start":{"line":37,"column":0},"end":{"line":37,"column":13}},"37":{"start":{"line":38,"column":0},"end":{"line":38,"column":16}},"38":{"start":{"line":39,"column":0},"end":{"line":39,"column":28}},"39":{"start":{"line":40,"column":0},"end":{"line":40,"column":32}},"40":{"start":{"line":41,"column":0},"end":{"line":41,"column":31}},"41":{"start":{"line":42,"column":0},"end":{"line":42,"column":9}},"42":{"start":{"line":43,"column":0},"end":{"line":43,"column":7}},"43":{"start":{"line":44,"column":0},"end":{"line":44,"column":23}},"44":{"start":{"line":45,"column":0},"end":{"line":45,"column":5}},"46":{"start":{"line":47,"column":0},"end":{"line":47,"column":12}},"47":{"start":{"line":48,"column":0},"end":{"line":48,"column":28}},"49":{"start":{"line":50,"column":0},"end":{"line":50,"column":6}},"50":{"start":{"line":51,"column":0},"end":{"line":51,"column":3}},"52":{"start":{"line":53,"column":0},"end":{"line":53,"column":37}},"53":{"start":{"line":54,"column":0},"end":{"line":54,"column":27}},"54":{"start":{"line":55,"column":0},"end":{"line":55,"column":47}},"55":{"start":{"line":56,"column":0},"end":{"line":56,"column":37}},"56":{"start":{"line":57,"column":0},"end":{"line":57,"column":31}},"57":{"start":{"line":58,"column":0},"end":{"line":58,"column":3}},"60":{"start":{"line":61,"column":0},"end":{"line":61,"column":46}},"61":{"start":{"line":62,"column":0},"end":{"line":62,"column":48}},"62":{"start":{"line":63,"column":0},"end":{"line":63,"column":51}},"64":{"start":{"line":65,"column":0},"end":{"line":65,"column":18}},"65":{"start":{"line":66,"column":0},"end":{"line":66,"column":46}},"66":{"start":{"line":67,"column":0},"end":{"line":67,"column":6}},"67":{"start":{"line":68,"column":0},"end":{"line":68,"column":3}},"70":{"start":{"line":71,"column":0},"end":{"line":71,"column":32}},"71":{"start":{"line":72,"column":0},"end":{"line":72,"column":71}},"72":{"start":{"line":73,"column":0},"end":{"line":73,"column":3}},"75":{"start":{"line":76,"column":0},"end":{"line":76,"column":40}},"76":{"start":{"line":77,"column":0},"end":{"line":77,"column":34}},"77":{"start":{"line":78,"column":0},"end":{"line":78,"column":13}},"78":{"start":{"line":79,"column":0},"end":{"line":79,"column":5}},"79":{"start":{"line":80,"column":0},"end":{"line":80,"column":30}},"80":{"start":{"line":81,"column":0},"end":{"line":81,"column":24}},"81":{"start":{"line":82,"column":0},"end":{"line":82,"column":3}},"84":{"start":{"line":85,"column":0},"end":{"line":85,"column":50}},"85":{"start":{"line":86,"column":0},"end":{"line":86,"column":34}},"86":{"start":{"line":87,"column":0},"end":{"line":87,"column":13}},"87":{"start":{"line":88,"column":0},"end":{"line":88,"column":12}},"88":{"start":{"line":89,"column":0},"end":{"line":89,"column":43}},"89":{"start":{"line":90,"column":0},"end":{"line":90,"column":5}},"90":{"start":{"line":91,"column":0},"end":{"line":91,"column":24}},"91":{"start":{"line":92,"column":0},"end":{"line":92,"column":3}},"93":{"start":{"line":94,"column":0},"end":{"line":94,"column":18}},"94":{"start":{"line":95,"column":0},"end":{"line":95,"column":39}},"95":{"start":{"line":96,"column":0},"end":{"line":96,"column":14}},"96":{"start":{"line":97,"column":0},"end":{"line":97,"column":32}},"97":{"start":{"line":98,"column":0},"end":{"line":98,"column":5}},"98":{"start":{"line":99,"column":0},"end":{"line":99,"column":15}},"99":{"start":{"line":100,"column":0},"end":{"line":100,"column":3}},"101":{"start":{"line":102,"column":0},"end":{"line":102,"column":48}},"102":{"start":{"line":103,"column":0},"end":{"line":103,"column":47}},"103":{"start":{"line":104,"column":0},"end":{"line":104,"column":48}},"104":{"start":{"line":105,"column":0},"end":{"line":105,"column":52}},"105":{"start":{"line":106,"column":0},"end":{"line":106,"column":42}},"108":{"start":{"line":109,"column":0},"end":{"line":109,"column":26}},"109":{"start":{"line":110,"column":0},"end":{"line":110,"column":63}},"112":{"start":{"line":113,"column":0},"end":{"line":113,"column":77}},"115":{"start":{"line":116,"column":0},"end":{"line":116,"column":50}},"116":{"start":{"line":117,"column":0},"end":{"line":117,"column":46}},"118":{"start":{"line":119,"column":0},"end":{"line":119,"column":26}},"119":{"start":{"line":120,"column":0},"end":{"line":120,"column":26}},"120":{"start":{"line":121,"column":0},"end":{"line":121,"column":27}},"121":{"start":{"line":122,"column":0},"end":{"line":122,"column":53}},"122":{"start":{"line":123,"column":0},"end":{"line":123,"column":24}},"124":{"start":{"line":125,"column":0},"end":{"line":125,"column":60}},"125":{"start":{"line":126,"column":0},"end":{"line":126,"column":3}},"128":{"start":{"line":129,"column":0},"end":{"line":129,"column":21}},"129":{"start":{"line":130,"column":0},"end":{"line":130,"column":42}},"130":{"start":{"line":131,"column":0},"end":{"line":131,"column":3}},"133":{"start":{"line":134,"column":0},"end":{"line":134,"column":23}},"134":{"start":{"line":135,"column":0},"end":{"line":135,"column":41}},"135":{"start":{"line":136,"column":0},"end":{"line":136,"column":3}},"138":{"start":{"line":139,"column":0},"end":{"line":139,"column":30}},"139":{"start":{"line":140,"column":0},"end":{"line":140,"column":42}},"140":{"start":{"line":141,"column":0},"end":{"line":141,"column":3}},"142":{"start":{"line":143,"column":0},"end":{"line":143,"column":24}},"143":{"start":{"line":144,"column":0},"end":{"line":144,"column":43}},"144":{"start":{"line":145,"column":0},"end":{"line":145,"column":55}},"145":{"start":{"line":146,"column":0},"end":{"line":146,"column":55}},"146":{"start":{"line":147,"column":0},"end":{"line":147,"column":3}},"148":{"start":{"line":149,"column":0},"end":{"line":149,"column":22}},"149":{"start":{"line":150,"column":0},"end":{"line":150,"column":43}},"150":{"start":{"line":151,"column":0},"end":{"line":151,"column":55}},"151":{"start":{"line":152,"column":0},"end":{"line":152,"column":55}},"152":{"start":{"line":153,"column":0},"end":{"line":153,"column":3}},"155":{"start":{"line":156,"column":0},"end":{"line":156,"column":24}},"156":{"start":{"line":157,"column":0},"end":{"line":157,"column":25}},"157":{"start":{"line":158,"column":0},"end":{"line":158,"column":38}},"158":{"start":{"line":159,"column":0},"end":{"line":159,"column":11}},"159":{"start":{"line":160,"column":0},"end":{"line":160,"column":47}},"160":{"start":{"line":161,"column":0},"end":{"line":161,"column":46}},"161":{"start":{"line":162,"column":0},"end":{"line":162,"column":50}},"162":{"start":{"line":163,"column":0},"end":{"line":163,"column":40}},"164":{"start":{"line":165,"column":0},"end":{"line":165,"column":43}},"166":{"start":{"line":167,"column":0},"end":{"line":167,"column":21}},"167":{"start":{"line":168,"column":0},"end":{"line":168,"column":68}},"169":{"start":{"line":170,"column":0},"end":{"line":170,"column":20}},"171":{"start":{"line":172,"column":0},"end":{"line":172,"column":68}},"172":{"start":{"line":173,"column":0},"end":{"line":173,"column":45}},"175":{"start":{"line":176,"column":0},"end":{"line":176,"column":22}},"176":{"start":{"line":177,"column":0},"end":{"line":177,"column":43}},"177":{"start":{"line":178,"column":0},"end":{"line":178,"column":39}},"178":{"start":{"line":179,"column":0},"end":{"line":179,"column":8}},"179":{"start":{"line":180,"column":0},"end":{"line":180,"column":15}},"180":{"start":{"line":181,"column":0},"end":{"line":181,"column":42}},"181":{"start":{"line":182,"column":0},"end":{"line":182,"column":35}},"182":{"start":{"line":183,"column":0},"end":{"line":183,"column":7}},"184":{"start":{"line":185,"column":0},"end":{"line":185,"column":32}},"185":{"start":{"line":186,"column":0},"end":{"line":186,"column":28}},"186":{"start":{"line":187,"column":0},"end":{"line":187,"column":44}},"187":{"start":{"line":188,"column":0},"end":{"line":188,"column":8}},"190":{"start":{"line":191,"column":0},"end":{"line":191,"column":22}},"191":{"start":{"line":192,"column":0},"end":{"line":192,"column":21}},"192":{"start":{"line":193,"column":0},"end":{"line":193,"column":59}},"193":{"start":{"line":194,"column":0},"end":{"line":194,"column":8}},"194":{"start":{"line":195,"column":0},"end":{"line":195,"column":12}},"196":{"start":{"line":197,"column":0},"end":{"line":197,"column":59}},"199":{"start":{"line":200,"column":0},"end":{"line":200,"column":22}},"200":{"start":{"line":201,"column":0},"end":{"line":201,"column":43}},"201":{"start":{"line":202,"column":0},"end":{"line":202,"column":39}},"202":{"start":{"line":203,"column":0},"end":{"line":203,"column":8}},"203":{"start":{"line":204,"column":0},"end":{"line":204,"column":5}},"206":{"start":{"line":207,"column":0},"end":{"line":207,"column":54}},"207":{"start":{"line":208,"column":0},"end":{"line":208,"column":22}},"208":{"start":{"line":209,"column":0},"end":{"line":209,"column":26}},"209":{"start":{"line":210,"column":0},"end":{"line":210,"column":35}},"210":{"start":{"line":211,"column":0},"end":{"line":211,"column":7}},"211":{"start":{"line":212,"column":0},"end":{"line":212,"column":3}},"213":{"start":{"line":214,"column":0},"end":{"line":214,"column":29}},"214":{"start":{"line":215,"column":0},"end":{"line":215,"column":47}},"216":{"start":{"line":217,"column":0},"end":{"line":217,"column":43}},"218":{"start":{"line":219,"column":0},"end":{"line":219,"column":37}},"220":{"start":{"line":221,"column":0},"end":{"line":221,"column":25}},"222":{"start":{"line":223,"column":0},"end":{"line":223,"column":22}},"223":{"start":{"line":224,"column":0},"end":{"line":224,"column":44}},"224":{"start":{"line":225,"column":0},"end":{"line":225,"column":50}},"226":{"start":{"line":227,"column":0},"end":{"line":227,"column":64}},"227":{"start":{"line":228,"column":0},"end":{"line":228,"column":24}},"228":{"start":{"line":229,"column":0},"end":{"line":229,"column":28}},"229":{"start":{"line":230,"column":0},"end":{"line":230,"column":49}},"230":{"start":{"line":231,"column":0},"end":{"line":231,"column":16}},"231":{"start":{"line":232,"column":0},"end":{"line":232,"column":9}},"232":{"start":{"line":233,"column":0},"end":{"line":233,"column":66}},"233":{"start":{"line":234,"column":0},"end":{"line":234,"column":28}},"234":{"start":{"line":235,"column":0},"end":{"line":235,"column":25}},"235":{"start":{"line":236,"column":0},"end":{"line":236,"column":14}},"236":{"start":{"line":237,"column":0},"end":{"line":237,"column":28}},"237":{"start":{"line":238,"column":0},"end":{"line":238,"column":28}},"238":{"start":{"line":239,"column":0},"end":{"line":239,"column":7}},"240":{"start":{"line":241,"column":0},"end":{"line":241,"column":39}},"241":{"start":{"line":242,"column":0},"end":{"line":242,"column":5}},"243":{"start":{"line":244,"column":0},"end":{"line":244,"column":23}},"244":{"start":{"line":245,"column":0},"end":{"line":245,"column":3}},"247":{"start":{"line":248,"column":0},"end":{"line":248,"column":17}},"248":{"start":{"line":249,"column":0},"end":{"line":249,"column":47}},"250":{"start":{"line":251,"column":0},"end":{"line":251,"column":43}},"252":{"start":{"line":253,"column":0},"end":{"line":253,"column":55}},"254":{"start":{"line":255,"column":0},"end":{"line":255,"column":78}},"256":{"start":{"line":257,"column":0},"end":{"line":257,"column":25}},"257":{"start":{"line":258,"column":0},"end":{"line":258,"column":42}},"258":{"start":{"line":259,"column":0},"end":{"line":259,"column":66}},"259":{"start":{"line":260,"column":0},"end":{"line":260,"column":68}},"260":{"start":{"line":261,"column":0},"end":{"line":261,"column":26}},"261":{"start":{"line":262,"column":0},"end":{"line":262,"column":75}},"262":{"start":{"line":263,"column":0},"end":{"line":263,"column":51}},"263":{"start":{"line":264,"column":0},"end":{"line":264,"column":26}},"264":{"start":{"line":265,"column":0},"end":{"line":265,"column":7}},"265":{"start":{"line":266,"column":0},"end":{"line":266,"column":5}},"267":{"start":{"line":268,"column":0},"end":{"line":268,"column":40}},"268":{"start":{"line":269,"column":0},"end":{"line":269,"column":26}},"269":{"start":{"line":270,"column":0},"end":{"line":270,"column":49}},"270":{"start":{"line":271,"column":0},"end":{"line":271,"column":30}},"271":{"start":{"line":272,"column":0},"end":{"line":272,"column":6}},"273":{"start":{"line":274,"column":0},"end":{"line":274,"column":22}},"274":{"start":{"line":275,"column":0},"end":{"line":275,"column":26}},"275":{"start":{"line":276,"column":0},"end":{"line":276,"column":35}},"276":{"start":{"line":277,"column":0},"end":{"line":277,"column":7}},"277":{"start":{"line":278,"column":0},"end":{"line":278,"column":3}},"280":{"start":{"line":281,"column":0},"end":{"line":281,"column":24}},"281":{"start":{"line":282,"column":0},"end":{"line":282,"column":42}},"284":{"start":{"line":285,"column":0},"end":{"line":285,"column":43}},"285":{"start":{"line":286,"column":0},"end":{"line":286,"column":22}},"286":{"start":{"line":287,"column":0},"end":{"line":287,"column":29}},"289":{"start":{"line":290,"column":0},"end":{"line":290,"column":44}},"290":{"start":{"line":291,"column":0},"end":{"line":291,"column":67}},"291":{"start":{"line":292,"column":0},"end":{"line":292,"column":30}},"292":{"start":{"line":293,"column":0},"end":{"line":293,"column":29}},"293":{"start":{"line":294,"column":0},"end":{"line":294,"column":14}},"294":{"start":{"line":295,"column":0},"end":{"line":295,"column":7}},"295":{"start":{"line":296,"column":0},"end":{"line":296,"column":5}},"297":{"start":{"line":298,"column":0},"end":{"line":298,"column":48}},"298":{"start":{"line":299,"column":0},"end":{"line":299,"column":27}},"300":{"start":{"line":301,"column":0},"end":{"line":301,"column":61}},"301":{"start":{"line":302,"column":0},"end":{"line":302,"column":65}},"302":{"start":{"line":303,"column":0},"end":{"line":303,"column":65}},"306":{"start":{"line":307,"column":0},"end":{"line":307,"column":26}},"307":{"start":{"line":308,"column":0},"end":{"line":308,"column":86}},"308":{"start":{"line":309,"column":0},"end":{"line":309,"column":5}},"311":{"start":{"line":312,"column":0},"end":{"line":312,"column":34}},"312":{"start":{"line":313,"column":0},"end":{"line":313,"column":82}},"313":{"start":{"line":314,"column":0},"end":{"line":314,"column":5}},"316":{"start":{"line":317,"column":0},"end":{"line":317,"column":32}},"317":{"start":{"line":318,"column":0},"end":{"line":318,"column":84}},"318":{"start":{"line":319,"column":0},"end":{"line":319,"column":79}},"319":{"start":{"line":320,"column":0},"end":{"line":320,"column":40}},"320":{"start":{"line":321,"column":0},"end":{"line":321,"column":12}},"321":{"start":{"line":322,"column":0},"end":{"line":322,"column":13}},"322":{"start":{"line":323,"column":0},"end":{"line":323,"column":5}},"325":{"start":{"line":326,"column":0},"end":{"line":326,"column":48}},"326":{"start":{"line":327,"column":0},"end":{"line":327,"column":44}},"328":{"start":{"line":329,"column":0},"end":{"line":329,"column":61}},"329":{"start":{"line":330,"column":0},"end":{"line":330,"column":64}},"331":{"start":{"line":332,"column":0},"end":{"line":332,"column":22}},"332":{"start":{"line":333,"column":0},"end":{"line":333,"column":26}},"333":{"start":{"line":334,"column":0},"end":{"line":334,"column":23}},"334":{"start":{"line":335,"column":0},"end":{"line":335,"column":30}},"335":{"start":{"line":336,"column":0},"end":{"line":336,"column":28}},"336":{"start":{"line":337,"column":0},"end":{"line":337,"column":8}},"337":{"start":{"line":338,"column":0},"end":{"line":338,"column":7}},"338":{"start":{"line":339,"column":0},"end":{"line":339,"column":3}},"340":{"start":{"line":341,"column":0},"end":{"line":341,"column":27}},"341":{"start":{"line":342,"column":0},"end":{"line":342,"column":53}},"342":{"start":{"line":343,"column":0},"end":{"line":343,"column":3}},"345":{"start":{"line":346,"column":0},"end":{"line":346,"column":16}},"346":{"start":{"line":347,"column":0},"end":{"line":347,"column":29}},"347":{"start":{"line":348,"column":0},"end":{"line":348,"column":3}},"350":{"start":{"line":351,"column":0},"end":{"line":351,"column":18}},"351":{"start":{"line":352,"column":0},"end":{"line":352,"column":28}},"352":{"start":{"line":353,"column":0},"end":{"line":353,"column":3}},"355":{"start":{"line":356,"column":0},"end":{"line":356,"column":25}},"356":{"start":{"line":357,"column":0},"end":{"line":357,"column":29}},"357":{"start":{"line":358,"column":0},"end":{"line":358,"column":3}},"359":{"start":{"line":360,"column":0},"end":{"line":360,"column":37}},"361":{"start":{"line":362,"column":0},"end":{"line":362,"column":25}},"362":{"start":{"line":363,"column":0},"end":{"line":363,"column":43}},"363":{"start":{"line":364,"column":0},"end":{"line":364,"column":55}},"365":{"start":{"line":366,"column":0},"end":{"line":366,"column":19}},"366":{"start":{"line":367,"column":0},"end":{"line":367,"column":44}},"367":{"start":{"line":368,"column":0},"end":{"line":368,"column":55}},"368":{"start":{"line":369,"column":0},"end":{"line":369,"column":18}},"369":{"start":{"line":370,"column":0},"end":{"line":370,"column":12}},"370":{"start":{"line":371,"column":0},"end":{"line":371,"column":49}},"371":{"start":{"line":372,"column":0},"end":{"line":372,"column":17}},"372":{"start":{"line":373,"column":0},"end":{"line":373,"column":5}},"374":{"start":{"line":375,"column":0},"end":{"line":375,"column":42}},"375":{"start":{"line":376,"column":0},"end":{"line":376,"column":48}},"376":{"start":{"line":377,"column":0},"end":{"line":377,"column":44}},"377":{"start":{"line":378,"column":0},"end":{"line":378,"column":6}},"378":{"start":{"line":379,"column":0},"end":{"line":379,"column":40}},"380":{"start":{"line":381,"column":0},"end":{"line":381,"column":22}},"381":{"start":{"line":382,"column":0},"end":{"line":382,"column":26}},"382":{"start":{"line":383,"column":0},"end":{"line":383,"column":35}},"383":{"start":{"line":384,"column":0},"end":{"line":384,"column":7}},"384":{"start":{"line":385,"column":0},"end":{"line":385,"column":3}},"386":{"start":{"line":387,"column":0},"end":{"line":387,"column":76}},"387":{"start":{"line":388,"column":0},"end":{"line":388,"column":22}},"388":{"start":{"line":389,"column":0},"end":{"line":389,"column":7}},"389":{"start":{"line":390,"column":0},"end":{"line":390,"column":18}},"390":{"start":{"line":391,"column":0},"end":{"line":391,"column":17}},"391":{"start":{"line":392,"column":0},"end":{"line":392,"column":24}},"392":{"start":{"line":393,"column":0},"end":{"line":393,"column":8}},"393":{"start":{"line":394,"column":0},"end":{"line":394,"column":7}},"394":{"start":{"line":395,"column":0},"end":{"line":395,"column":18}},"395":{"start":{"line":396,"column":0},"end":{"line":396,"column":18}},"396":{"start":{"line":397,"column":0},"end":{"line":397,"column":8}},"397":{"start":{"line":398,"column":0},"end":{"line":398,"column":7}},"398":{"start":{"line":399,"column":0},"end":{"line":399,"column":18}},"399":{"start":{"line":400,"column":0},"end":{"line":400,"column":19}},"400":{"start":{"line":401,"column":0},"end":{"line":401,"column":8}},"401":{"start":{"line":402,"column":0},"end":{"line":402,"column":6}},"402":{"start":{"line":403,"column":0},"end":{"line":403,"column":24}},"403":{"start":{"line":404,"column":0},"end":{"line":404,"column":3}},"405":{"start":{"line":406,"column":0},"end":{"line":406,"column":11}},"406":{"start":{"line":407,"column":0},"end":{"line":407,"column":22}},"407":{"start":{"line":408,"column":0},"end":{"line":408,"column":27}},"408":{"start":{"line":409,"column":0},"end":{"line":409,"column":15}},"409":{"start":{"line":410,"column":0},"end":{"line":410,"column":13}},"410":{"start":{"line":411,"column":0},"end":{"line":411,"column":6}},"411":{"start":{"line":412,"column":0},"end":{"line":412,"column":22}},"412":{"start":{"line":413,"column":0},"end":{"line":413,"column":24}},"413":{"start":{"line":414,"column":0},"end":{"line":414,"column":3}},"414":{"start":{"line":415,"column":0},"end":{"line":415,"column":1}}},"s":{"0":1,"16":1,"24":1,"26":1,"27":1,"28":1,"29":1,"30":1,"31":1,"32":1,"33":1,"34":0,"35":0,"36":0,"37":1,"38":1,"39":0,"40":1,"41":1,"42":1,"43":1,"44":1,"46":4,"47":4,"49":4,"50":1,"52":1,"53":16,"54":16,"55":16,"56":16,"57":16,"60":1,"61":0,"62":0,"64":0,"65":0,"66":0,"67":0,"70":1,"71":18,"72":18,"75":1,"76":2,"77":0,"78":0,"79":2,"80":2,"81":2,"84":1,"85":15,"86":0,"87":15,"88":15,"89":15,"90":15,"91":15,"93":1,"94":0,"95":0,"96":0,"97":0,"98":0,"99":0,"101":1,"102":12,"103":12,"104":12,"105":12,"108":12,"109":12,"112":12,"115":12,"116":12,"118":12,"119":12,"120":6,"121":6,"122":6,"124":12,"125":12,"128":1,"129":2,"130":2,"133":1,"134":2,"135":2,"138":1,"139":2,"140":2,"142":1,"143":0,"144":0,"145":0,"146":0,"148":1,"149":0,"150":0,"151":0,"152":0,"155":1,"156":1,"157":1,"158":1,"159":1,"160":1,"161":1,"162":1,"164":1,"166":1,"167":1,"169":1,"171":0,"172":0,"175":0,"176":0,"177":0,"178":0,"179":0,"180":1,"181":0,"182":1,"184":0,"185":0,"186":0,"187":0,"190":0,"191":0,"192":0,"193":0,"194":1,"196":1,"199":1,"200":1,"201":1,"202":1,"203":1,"206":1,"207":1,"208":1,"209":1,"210":1,"211":1,"213":1,"214":1,"216":1,"218":1,"220":1,"222":1,"223":1,"224":2,"226":2,"227":1,"228":1,"229":1,"230":0,"231":0,"232":1,"233":1,"234":1,"235":1,"236":1,"237":0,"238":0,"240":1,"241":1,"243":1,"244":1,"247":1,"248":0,"250":0,"252":0,"254":0,"256":0,"257":0,"258":0,"259":0,"260":0,"261":0,"262":0,"263":0,"264":0,"265":0,"267":0,"268":0,"269":0,"270":0,"271":0,"273":0,"274":0,"275":0,"276":0,"277":0,"280":1,"281":0,"284":0,"285":0,"286":0,"289":0,"290":0,"291":0,"292":0,"293":0,"294":0,"295":0,"297":0,"298":0,"300":0,"301":0,"302":0,"306":0,"307":0,"308":0,"311":0,"312":0,"313":0,"316":0,"317":0,"318":0,"319":0,"320":0,"321":0,"322":0,"325":0,"326":0,"328":0,"329":0,"331":0,"332":0,"333":0,"334":0,"335":0,"336":0,"337":0,"338":0,"340":1,"341":0,"342":0,"345":1,"346":1,"347":1,"350":1,"351":0,"352":0,"355":1,"356":0,"357":0,"359":1,"361":1,"362":0,"363":0,"365":0,"366":0,"367":0,"368":0,"369":0,"370":0,"371":0,"372":0,"374":0,"375":0,"376":0,"377":0,"378":0,"380":0,"381":0,"382":0,"383":0,"384":0,"386":1,"387":1,"388":1,"389":1,"390":1,"391":1,"392":1,"393":1,"394":1,"395":1,"396":1,"397":1,"398":1,"399":1,"400":1,"401":1,"402":1,"403":1,"405":1,"406":0,"407":0,"408":0,"409":0,"410":0,"411":0,"412":0,"413":0,"414":1},"branchMap":{"0":{"type":"branch","line":53,"loc":{"start":{"line":53,"column":2},"end":{"line":58,"column":3}},"locations":[{"start":{"line":53,"column":2},"end":{"line":58,"column":3}}]},"1":{"type":"branch","line":28,"loc":{"start":{"line":28,"column":33},"end":{"line":45,"column":5}},"locations":[{"start":{"line":28,"column":33},"end":{"line":45,"column":5}}]},"2":{"type":"branch","line":31,"loc":{"start":{"line":31,"column":38},"end":{"line":31,"column":76}},"locations":[{"start":{"line":31,"column":38},"end":{"line":31,"column":76}}]},"3":{"type":"branch","line":34,"loc":{"start":{"line":34,"column":36},"end":{"line":38,"column":15}},"locations":[{"start":{"line":34,"column":36},"end":{"line":38,"column":15}}]},"4":{"type":"branch","line":45,"loc":{"start":{"line":45,"column":4},"end":{"line":50,"column":6}},"locations":[{"start":{"line":45,"column":4},"end":{"line":50,"column":6}}]},"5":{"type":"branch","line":71,"loc":{"start":{"line":71,"column":10},"end":{"line":73,"column":3}},"locations":[{"start":{"line":71,"column":10},"end":{"line":73,"column":3}}]},"6":{"type":"branch","line":76,"loc":{"start":{"line":76,"column":2},"end":{"line":82,"column":3}},"locations":[{"start":{"line":76,"column":2},"end":{"line":82,"column":3}}]},"7":{"type":"branch","line":77,"loc":{"start":{"line":77,"column":33},"end":{"line":79,"column":5}},"locations":[{"start":{"line":77,"column":33},"end":{"line":79,"column":5}}]},"8":{"type":"branch","line":85,"loc":{"start":{"line":85,"column":2},"end":{"line":92,"column":3}},"locations":[{"start":{"line":85,"column":2},"end":{"line":92,"column":3}}]},"9":{"type":"branch","line":86,"loc":{"start":{"line":86,"column":33},"end":{"line":88,"column":11}},"locations":[{"start":{"line":86,"column":33},"end":{"line":88,"column":11}}]},"10":{"type":"branch","line":102,"loc":{"start":{"line":102,"column":2},"end":{"line":126,"column":3}},"locations":[{"start":{"line":102,"column":2},"end":{"line":126,"column":3}}]},"11":{"type":"branch","line":110,"loc":{"start":{"line":110,"column":32},"end":{"line":110,"column":63}},"locations":[{"start":{"line":110,"column":32},"end":{"line":110,"column":63}}]},"12":{"type":"branch","line":113,"loc":{"start":{"line":113,"column":47},"end":{"line":113,"column":77}},"locations":[{"start":{"line":113,"column":47},"end":{"line":113,"column":77}}]},"13":{"type":"branch","line":120,"loc":{"start":{"line":120,"column":21},"end":{"line":121,"column":27}},"locations":[{"start":{"line":120,"column":21},"end":{"line":121,"column":27}}]},"14":{"type":"branch","line":121,"loc":{"start":{"line":121,"column":22},"end":{"line":122,"column":53}},"locations":[{"start":{"line":121,"column":22},"end":{"line":122,"column":53}}]},"15":{"type":"branch","line":122,"loc":{"start":{"line":122,"column":44},"end":{"line":123,"column":24}},"locations":[{"start":{"line":122,"column":44},"end":{"line":123,"column":24}}]},"16":{"type":"branch","line":125,"loc":{"start":{"line":125,"column":29},"end":{"line":125,"column":60}},"locations":[{"start":{"line":125,"column":29},"end":{"line":125,"column":60}}]},"17":{"type":"branch","line":129,"loc":{"start":{"line":129,"column":2},"end":{"line":131,"column":3}},"locations":[{"start":{"line":129,"column":2},"end":{"line":131,"column":3}}]},"18":{"type":"branch","line":134,"loc":{"start":{"line":134,"column":2},"end":{"line":136,"column":3}},"locations":[{"start":{"line":134,"column":2},"end":{"line":136,"column":3}}]},"19":{"type":"branch","line":139,"loc":{"start":{"line":139,"column":2},"end":{"line":141,"column":3}},"locations":[{"start":{"line":139,"column":2},"end":{"line":141,"column":3}}]},"20":{"type":"branch","line":156,"loc":{"start":{"line":156,"column":10},"end":{"line":212,"column":3}},"locations":[{"start":{"line":156,"column":10},"end":{"line":212,"column":3}}]},"21":{"type":"branch","line":168,"loc":{"start":{"line":168,"column":34},"end":{"line":168,"column":68}},"locations":[{"start":{"line":168,"column":34},"end":{"line":168,"column":68}}]},"22":{"type":"branch","line":170,"loc":{"start":{"line":170,"column":19},"end":{"line":180,"column":15}},"locations":[{"start":{"line":170,"column":19},"end":{"line":180,"column":15}}]},"23":{"type":"branch","line":181,"loc":{"start":{"line":181,"column":38},"end":{"line":182,"column":35}},"locations":[{"start":{"line":181,"column":38},"end":{"line":182,"column":35}}]},"24":{"type":"branch","line":183,"loc":{"start":{"line":183,"column":6},"end":{"line":195,"column":11}},"locations":[{"start":{"line":183,"column":6},"end":{"line":195,"column":11}}]},"25":{"type":"branch","line":214,"loc":{"start":{"line":214,"column":2},"end":{"line":245,"column":3}},"locations":[{"start":{"line":214,"column":2},"end":{"line":245,"column":3}}]},"26":{"type":"branch","line":224,"loc":{"start":{"line":224,"column":43},"end":{"line":242,"column":5}},"locations":[{"start":{"line":224,"column":43},"end":{"line":242,"column":5}}]},"27":{"type":"branch","line":227,"loc":{"start":{"line":227,"column":11},"end":{"line":227,"column":45}},"locations":[{"start":{"line":227,"column":11},"end":{"line":227,"column":45}}]},"28":{"type":"branch","line":227,"loc":{"start":{"line":227,"column":32},"end":{"line":227,"column":63}},"locations":[{"start":{"line":227,"column":32},"end":{"line":227,"column":63}}]},"29":{"type":"branch","line":227,"loc":{"start":{"line":227,"column":63},"end":{"line":242,"column":5}},"locations":[{"start":{"line":227,"column":63},"end":{"line":242,"column":5}}]},"30":{"type":"branch","line":230,"loc":{"start":{"line":230,"column":48},"end":{"line":232,"column":9}},"locations":[{"start":{"line":230,"column":48},"end":{"line":232,"column":9}}]},"31":{"type":"branch","line":237,"loc":{"start":{"line":237,"column":6},"end":{"line":239,"column":7}},"locations":[{"start":{"line":237,"column":6},"end":{"line":239,"column":7}}]},"32":{"type":"branch","line":346,"loc":{"start":{"line":346,"column":2},"end":{"line":348,"column":3}},"locations":[{"start":{"line":346,"column":2},"end":{"line":348,"column":3}}]},"33":{"type":"branch","line":387,"loc":{"start":{"line":387,"column":2},"end":{"line":404,"column":3}},"locations":[{"start":{"line":387,"column":2},"end":{"line":404,"column":3}}]}},"b":{"0":[16],"1":[1],"2":[0],"3":[0],"4":[4],"5":[18],"6":[2],"7":[0],"8":[15],"9":[0],"10":[12],"11":[0],"12":[6],"13":[6],"14":[6],"15":[6],"16":[6],"17":[2],"18":[2],"19":[2],"20":[1],"21":[0],"22":[0],"23":[0],"24":[0],"25":[1],"26":[2],"27":[1],"28":[1],"29":[1],"30":[0],"31":[0],"32":[1],"33":[1]},"fnMap":{"0":{"name":"MarkdownEditorState","decl":{"start":{"line":53,"column":2},"end":{"line":58,"column":3}},"loc":{"start":{"line":53,"column":2},"end":{"line":58,"column":3}},"line":53},"1":{"name":"addEventListener","decl":{"start":{"line":61,"column":2},"end":{"line":68,"column":3}},"loc":{"start":{"line":61,"column":2},"end":{"line":68,"column":3}},"line":61},"2":{"name":"notifyChange","decl":{"start":{"line":71,"column":10},"end":{"line":73,"column":3}},"loc":{"start":{"line":71,"column":10},"end":{"line":73,"column":3}},"line":71},"3":{"name":"setContent","decl":{"start":{"line":76,"column":2},"end":{"line":82,"column":3}},"loc":{"start":{"line":76,"column":2},"end":{"line":82,"column":3}},"line":76},"4":{"name":"setSelection","decl":{"start":{"line":85,"column":2},"end":{"line":92,"column":3}},"loc":{"start":{"line":85,"column":2},"end":{"line":92,"column":3}},"line":85},"5":{"name":"getSelection","decl":{"start":{"line":94,"column":2},"end":{"line":100,"column":3}},"loc":{"start":{"line":94,"column":2},"end":{"line":100,"column":3}},"line":94},"6":{"name":"isWrappedWithMarker","decl":{"start":{"line":102,"column":2},"end":{"line":126,"column":3}},"loc":{"start":{"line":102,"column":2},"end":{"line":126,"column":3}},"line":102},"7":{"name":"isBold","decl":{"start":{"line":129,"column":2},"end":{"line":131,"column":3}},"loc":{"start":{"line":129,"column":2},"end":{"line":131,"column":3}},"line":129},"8":{"name":"isItalic","decl":{"start":{"line":134,"column":2},"end":{"line":136,"column":3}},"loc":{"start":{"line":134,"column":2},"end":{"line":136,"column":3}},"line":134},"9":{"name":"isStrikethrough","decl":{"start":{"line":139,"column":2},"end":{"line":141,"column":3}},"loc":{"start":{"line":139,"column":2},"end":{"line":141,"column":3}},"line":139},"10":{"name":"isHeading","decl":{"start":{"line":143,"column":2},"end":{"line":147,"column":3}},"loc":{"start":{"line":143,"column":2},"end":{"line":147,"column":3}},"line":143},"11":{"name":"isQuote","decl":{"start":{"line":149,"column":2},"end":{"line":153,"column":3}},"loc":{"start":{"line":149,"column":2},"end":{"line":153,"column":3}},"line":149},"12":{"name":"updateContent","decl":{"start":{"line":156,"column":10},"end":{"line":212,"column":3}},"loc":{"start":{"line":156,"column":10},"end":{"line":212,"column":3}},"line":156},"13":{"name":"getSelectedLineIndicies","decl":{"start":{"line":214,"column":2},"end":{"line":245,"column":3}},"loc":{"start":{"line":214,"column":2},"end":{"line":245,"column":3}},"line":214},"14":{"name":"quote","decl":{"start":{"line":248,"column":2},"end":{"line":278,"column":3}},"loc":{"start":{"line":248,"column":2},"end":{"line":278,"column":3}},"line":248},"15":{"name":"onEnterPress","decl":{"start":{"line":281,"column":2},"end":{"line":339,"column":3}},"loc":{"start":{"line":281,"column":2},"end":{"line":339,"column":3}},"line":281},"16":{"name":"debouncedOnEnterPress","decl":{"start":{"line":341,"column":2},"end":{"line":343,"column":3}},"loc":{"start":{"line":341,"column":2},"end":{"line":343,"column":3}},"line":341},"17":{"name":"bold","decl":{"start":{"line":346,"column":2},"end":{"line":348,"column":3}},"loc":{"start":{"line":346,"column":2},"end":{"line":348,"column":3}},"line":346},"18":{"name":"italic","decl":{"start":{"line":351,"column":2},"end":{"line":353,"column":3}},"loc":{"start":{"line":351,"column":2},"end":{"line":353,"column":3}},"line":351},"19":{"name":"strikethrough","decl":{"start":{"line":356,"column":2},"end":{"line":358,"column":3}},"loc":{"start":{"line":356,"column":2},"end":{"line":358,"column":3}},"line":356},"20":{"name":"toggleLinePrefix","decl":{"start":{"line":360,"column":2},"end":{"line":360,"column":37}},"loc":{"start":{"line":360,"column":2},"end":{"line":360,"column":37}},"line":360},"21":{"name":"toggleHeading","decl":{"start":{"line":362,"column":2},"end":{"line":385,"column":3}},"loc":{"start":{"line":362,"column":2},"end":{"line":385,"column":3}},"line":362},"22":{"name":"queueUpdate","decl":{"start":{"line":387,"column":2},"end":{"line":404,"column":3}},"loc":{"start":{"line":387,"column":2},"end":{"line":404,"column":3}},"line":387},"23":{"name":"reset","decl":{"start":{"line":406,"column":2},"end":{"line":414,"column":3}},"loc":{"start":{"line":406,"column":2},"end":{"line":414,"column":3}},"line":406}},"f":{"0":16,"1":0,"2":18,"3":2,"4":15,"5":0,"6":12,"7":2,"8":2,"9":2,"10":0,"11":0,"12":1,"13":1,"14":0,"15":0,"16":0,"17":1,"18":0,"19":0,"20":0,"21":0,"22":1,"23":0}}
}
